Determining if the pthread_create exist failed with the following output:
Change Dir: /home/guajar/Desktop/programacao/cpp/cmake/build/CMakeFiles/CMakeTmp

Run Build Command:"/usr/bin/ninja" "cmTC_294a4"
[1/2] Building C object CMakeFiles/cmTC_294a4.dir/CheckSymbolExists.c.o
[2/2] Linking C executable cmTC_294a4
FAILED: cmTC_294a4 
: && /usr/bin/clang   -rdynamic CMakeFiles/cmTC_294a4.dir/CheckSymbolExists.c.o  -o cmTC_294a4   && :
CMakeFiles/cmTC_294a4.dir/CheckSymbolExists.c.o: In function `main':
CheckSymbolExists.c:(.text+0x7): undefined reference to `pthread_create'
clang-5.0: error: linker command failed with exit code 1 (use -v to see invocation)
ninja: build stopped: subcommand failed.

File /home/guajar/Desktop/programacao/cpp/cmake/build/CMakeFiles/CMakeTmp/CheckSymbolExists.c:
/* */
#include <pthread.h>

int main(int argc, char** argv)
{
  (void)argv;
#ifndef pthread_create
  return ((int*)(&pthread_create))[argc];
#else
  (void)argc;
  return 0;
#endif
}

Determining if the function pthread_create exists in the pthreads failed with the following output:
Change Dir: /home/guajar/Desktop/programacao/cpp/cmake/build/CMakeFiles/CMakeTmp

Run Build Command:"/usr/bin/ninja" "cmTC_e1da4"
[1/2] Building C object CMakeFiles/cmTC_e1da4.dir/CheckFunctionExists.c.o
[2/2] Linking C executable cmTC_e1da4
FAILED: cmTC_e1da4 
: && /usr/bin/clang -DCHECK_FUNCTION_EXISTS=pthread_create  -rdynamic CMakeFiles/cmTC_e1da4.dir/CheckFunctionExists.c.o  -o cmTC_e1da4  -lpthreads && :
/usr/bin/ld: cannot find -lpthreads
clang-5.0: error: linker command failed with exit code 1 (use -v to see invocation)
ninja: build stopped: subcommand failed.


